Using pre-set license
Built from '2020.3/staging' branch; Version is '2020.3.24f1 (79c78de19888) revision 7980941'; Using compiler version '192528614'; Build Type 'Release'
OS: 'Windows 10  (10.0.19044) 64bit Core' Language: 'en' Physical Memory: 16217 MB
BatchMode: 1, IsHumanControllingUs: 0, StartBugReporterOnCrash: 0, Is64bit: 1, IsPro: 0

COMMAND LINE ARGUMENTS:
C:\Program Files\Unity\Hub\Editor\2020.3.24f1\Editor\Unity.exe
-adb2
-batchMode
-noUpm
-name
AssetImportWorker0
-projectPath
C:/Users/choia/cruisin3/crusin3
-logFile
Logs/AssetImportWorker0.log
-srvPort
58010
Successfully changed project path to: C:/Users/choia/cruisin3/crusin3
C:/Users/choia/cruisin3/crusin3
Using Asset Import Pipeline V2.
Refreshing native plugins compatible for Editor in 281.50 ms, found 16 plugins.
Preloading 2 native plugins for Editor in 7.79 ms.
Initialize engine version: 2020.3.24f1 (79c78de19888)
[Subsystems] Discovering subsystems at path C:/Program Files/Unity/Hub/Editor/2020.3.24f1/Editor/Data/Resources/UnitySubsystems
[Subsystems] Discovering subsystems at path C:/Users/choia/cruisin3/crusin3/Assets
GfxDevice: creating device client; threaded=0
Direct3D:
    Version:  Direct3D 11.0 [level 11.1]
    Renderer: Intel(R) UHD Graphics 620 (ID=0x5917)
    Vendor:   
    VRAM:     8108 MB
    Driver:   27.20.100.8854
Initialize mono
Mono path[0] = 'C:/Program Files/Unity/Hub/Editor/2020.3.24f1/Editor/Data/Managed'
Mono path[1] = 'C:/Program Files/Unity/Hub/Editor/2020.3.24f1/Editor/Data/MonoBleedingEdge/lib/mono/unityjit'
Mono config path = 'C:/Program Files/Unity/Hub/Editor/2020.3.24f1/Editor/Data/MonoBleedingEdge/etc'
Using monoOptions --debugger-agent=transport=dt_socket,embedding=1,server=y,suspend=n,address=127.0.0.1:56720
Begin MonoManager ReloadAssembly
Registering precompiled unity dll's ...
Register platform support module: C:/Program Files/Unity/Hub/Editor/2020.3.24f1/Editor/Data/PlaybackEngines/WindowsStandaloneSupport/UnityEditor.WindowsStandalone.Extensions.dll
Registered in 0.011341 seconds.
Native extension for WindowsStandalone target not found
Refreshing native plugins compatible for Editor in 250.00 ms, found 16 plugins.
Preloading 2 native plugins for Editor in 0.82 ms.
Mono: successfully reloaded assembly
- Completed reload, in  2.096 seconds
Domain Reload Profiling:
	ReloadAssembly (2096ms)
		BeginReloadAssembly (145ms)
			ExecutionOrderSort (0ms)
			DisableScriptedObjects (0ms)
			BackupInstance (0ms)
			ReleaseScriptingObjects (0ms)
			CreateAndSetChildDomain (2ms)
		EndReloadAssembly (1631ms)
			LoadAssemblies (139ms)
			RebuildTransferFunctionScriptingTraits (0ms)
			SetupTypeCache (464ms)
			ReleaseScriptCaches (0ms)
			RebuildScriptCaches (116ms)
			SetupLoadedEditorAssemblies (673ms)
				LogAssemblyErrors (0ms)
				InitializePlatformSupportModulesInManaged (15ms)
				SetLoadedEditorAssemblies (1ms)
				RefreshPlugins (251ms)
				BeforeProcessingInitializeOnLoad (57ms)
				ProcessInitializeOnLoadAttributes (276ms)
				ProcessInitializeOnLoadMethodAttributes (73ms)
				AfterProcessingInitializeOnLoad (0ms)
				EditorAssembliesLoaded (1ms)
			ExecutionOrderSort2 (0ms)
			AwakeInstancesAfterBackupRestoration (0ms)
Platform modules already initialized, skipping
Registering precompiled user dll's ...
Registered in 0.044291 seconds.
Begin MonoManager ReloadAssembly
Native extension for WindowsStandalone target not found
Refreshing native plugins compatible for Editor in 163.40 ms, found 16 plugins.
Preloading 2 native plugins for Editor in 0.40 ms.
[XR] OculusXRPlugin: registering subsystems
[XR] Unable to register display lifecyle provider: [1]
[XR] Oculus Input lifecycle provider registered.
[XR] Unable to register input lifecyle provider: [1]
System.Reflection.TargetInvocationException: Exception has been thrown by the target of an invocation. ---> System.NullReferenceException: Object reference not set to an instance of an object
  at Unity.XR.Oculus.OculusLoader.AssetPathToAbsolutePath (System.String assetPath) [0x00048] in C:\Users\choia\cruisin3\crusin3\Library\PackageCache\com.unity.xr.oculus@1.11.0\Runtime\OculusLoader.cs:250 
  at Unity.XR.Oculus.OculusLoader.EditorLoadOVRPlugin () [0x0007b] in C:\Users\choia\cruisin3\crusin3\Library\PackageCache\com.unity.xr.oculus@1.11.0\Runtime\OculusLoader.cs:235 
  at (wrapper managed-to-native) System.Reflection.MonoMethod.InternalInvoke(System.Reflection.MonoMethod,object,object[],System.Exception&)
  at System.Reflection.MonoMethod.Invoke (System.Object obj, System.Reflection.BindingFlags invokeAttr, System.Reflection.Binder binder, System.Object[] parameters, System.Globalization.CultureInfo culture) [0x00032] in <695d1cc93cca45069c528c15c9fdd749>:0 
   --- End of inner exception stack trace ---
  at System.Reflection.MonoMethod.Invoke (System.Object obj, System.Reflection.BindingFlags invokeAttr, System.Reflection.Binder binder, System.Object[] parameters, System.Globalization.CultureInfo culture) [0x00048] in <695d1cc93cca45069c528c15c9fdd749>:0 
  at System.Reflection.MethodBase.Invoke (System.Object obj, System.Object[] parameters) [0x00000] in <695d1cc93cca45069c528c15c9fdd749>:0 
  at UnityEditor.EditorAssemblies.ProcessInitializeOnLoadMethodAttributes () [0x00047] in <bbfbd5a71eea45d1a1354233c800516b>:0 
UnityEngine.StackTraceUtility:ExtractStackTrace ()
UnityEngine.DebugLogHandler:LogFormat (UnityEngine.LogType,UnityEngine.Object,string,object[])
UnityEngine.Logger:Log (UnityEngine.LogType,object)
UnityEngine.Debug:LogError (object)
UnityEditor.EditorAssemblies:ProcessInitializeOnLoadMethodAttributes ()

Mono: successfully reloaded assembly
- Completed reload, in  3.421 seconds
Domain Reload Profiling:
	ReloadAssembly (3425ms)
		BeginReloadAssembly (386ms)
			ExecutionOrderSort (0ms)
			DisableScriptedObjects (12ms)
			BackupInstance (0ms)
			ReleaseScriptingObjects (0ms)
			CreateAndSetChildDomain (43ms)
		EndReloadAssembly (2845ms)
			LoadAssemblies (276ms)
			RebuildTransferFunctionScriptingTraits (0ms)
			SetupTypeCache (880ms)
			ReleaseScriptCaches (1ms)
			RebuildScriptCaches (127ms)
			SetupLoadedEditorAssemblies (1184ms)
				LogAssemblyErrors (0ms)
				InitializePlatformSupportModulesInManaged (10ms)
				SetLoadedEditorAssemblies (1ms)
				RefreshPlugins (164ms)
				BeforeProcessingInitializeOnLoad (259ms)
				ProcessInitializeOnLoadAttributes (674ms)
				ProcessInitializeOnLoadMethodAttributes (53ms)
				AfterProcessingInitializeOnLoad (23ms)
				EditorAssembliesLoaded (0ms)
			ExecutionOrderSort2 (0ms)
			AwakeInstancesAfterBackupRestoration (13ms)
Platform modules already initialized, skipping
========================================================================
Worker process is ready to serve import requests
Launched and connected shader compiler UnityShaderCompiler.exe after 0.13 seconds
Refreshing native plugins compatible for Editor in 2.07 ms, found 16 plugins.
Preloading 2 native plugins for Editor in 0.41 ms.
Unloading 2710 Unused Serialized files (Serialized files now loaded: 0)
System memory in use before: 145.3 MB.
System memory in use after: 145.5 MB.

Unloading 42 unused Assets to reduce memory usage. Loaded Objects now: 3169.
Total: 8.007600 ms (FindLiveObjects: 0.467800 ms CreateObjectMapping: 0.268900 ms MarkObjects: 7.065600 ms  DeleteObjects: 0.203300 ms)

AssetImportParameters requested are different than current active one (requested -> active):
  custom:framework-win-MediaFoundation: 216162199b28c13a410421893ffa2e32 -> 
  custom:video-decoder-ogg-theora: a1e56fd34408186e4bbccfd4996cb3dc -> 
  custom:container-muxer-webm: aa71ff27fc2769a1b78a27578f13a17b -> 
  custom:container-demuxer-webm: 4f35f7cbe854078d1ac9338744f61a02 -> 
  custom:container-demuxer-ogg: 62fdf1f143b41e24485cea50d1cbac27 -> 
  custom:video-encoder-webm-vp8: eb34c28f22e8b96e1ab97ce403110664 -> 
  custom:video-codec-MediaFoundation-h265: 746d11721c4dcdbdad8f713fa42b33f4 -> 
  custom:video-decoder-webm-vp8: 9c59270c3fd7afecdb556c50c9e8de78 -> 
  custom:audio-decoder-ogg-vorbis: bf7c407c2cedff20999df2af8eb42d56 -> 
  custom:audio-encoder-webm-vorbis: bf7c407c2cedff20999df2af8eb42d56 -> 
========================================================================
Received Import Request.
  path: Assets/Laterns and candles/Prefabs/CarvedPost2.prefab
  artifactKey: Guid(94f10da449387134eb5a2276906ccdfd) Importer(815301076,1909f56bfc062723c751e8b465ee728b)
Start importing Assets/Laterns and candles/Prefabs/CarvedPost2.prefab using Guid(94f10da449387134eb5a2276906ccdfd) Importer(815301076,1909f56bfc062723c751e8b465ee728b)  -> (artifact id: '423314b62dcd30de85225c42936bf3a8') in 2.188220 seconds 
  Import took 2.200207 seconds .

========================================================================
Received Import Request.
  Time since last request: 0.001206 seconds.
  path: Assets/Laterns and candles/Prefabs/ceiling chain.prefab
  artifactKey: Guid(24b4d8ad04155c244b2b776c5532e76f) Importer(815301076,1909f56bfc062723c751e8b465ee728b)
Start importing Assets/Laterns and candles/Prefabs/ceiling chain.prefab using Guid(24b4d8ad04155c244b2b776c5532e76f) Importer(815301076,1909f56bfc062723c751e8b465ee728b)  -> (artifact id: '9f5a11cd51b9d260d91d869891e8c287') in 0.114562 seconds 
  Import took 0.128508 seconds .

========================================================================
Received Import Request.
  Time since last request: 0.001141 seconds.
  path: Assets/Laterns and candles/Materials/Latern1.mat
  artifactKey: Guid(05b01ea2579be9f4ebed435fb445e6d6) Importer(815301076,1909f56bfc062723c751e8b465ee728b)
Start importing Assets/Laterns and candles/Materials/Latern1.mat using Guid(05b01ea2579be9f4ebed435fb445e6d6) Importer(815301076,1909f56bfc062723c751e8b465ee728b)  -> (artifact id: 'e9171267f1eae5ba142ec47f86cc78a8') in 0.247988 seconds 
  Import took 0.261068 seconds .

========================================================================
Received Import Request.
  Time since last request: 0.001237 seconds.
  path: Assets/Laterns and candles/Prefabs/Candle3 1.prefab
  artifactKey: Guid(42612f8b6c0dce8468648f3f08db6d96) Importer(815301076,1909f56bfc062723c751e8b465ee728b)
Start importing Assets/Laterns and candles/Prefabs/Candle3 1.prefab using Guid(42612f8b6c0dce8468648f3f08db6d96) Importer(815301076,1909f56bfc062723c751e8b465ee728b)  -> (artifact id: 'be3970a3db2a6fe7074ce706119a5326') in 0.054278 seconds 
  Import took 0.068411 seconds .

========================================================================
Received Import Request.
  Time since last request: 0.001277 seconds.
  path: Assets/Laterns and candles/Prefabs/Candle2.prefab
  artifactKey: Guid(6b93fd896c90c094c8577de7399669b5) Importer(815301076,1909f56bfc062723c751e8b465ee728b)
Start importing Assets/Laterns and candles/Prefabs/Candle2.prefab using Guid(6b93fd896c90c094c8577de7399669b5) Importer(815301076,1909f56bfc062723c751e8b465ee728b)  -> (artifact id: '144560ace3802bb5b203b4dd18e97bef') in 0.047828 seconds 
  Import took 0.062432 seconds .

========================================================================
Received Import Request.
  Time since last request: 0.001249 seconds.
  path: Assets/Laterns and candles/Materials/LittleLamp.mat
  artifactKey: Guid(149cfb782cd2a5042a78354976abafc7) Importer(815301076,1909f56bfc062723c751e8b465ee728b)
Start importing Assets/Laterns and candles/Materials/LittleLamp.mat using Guid(149cfb782cd2a5042a78354976abafc7) Importer(815301076,1909f56bfc062723c751e8b465ee728b)  -> (artifact id: '03a982298ea539c9873769320ec76f9f') in 0.040088 seconds 
  Import took 0.051714 seconds .

========================================================================
Received Import Request.
  Time since last request: 0.001107 seconds.
  path: Assets/Laterns and candles/Materials/Flame.mat
  artifactKey: Guid(b89178c9821ece842b4a7a4fed42d77e) Importer(815301076,1909f56bfc062723c751e8b465ee728b)
Start importing Assets/Laterns and candles/Materials/Flame.mat using Guid(b89178c9821ece842b4a7a4fed42d77e) Importer(815301076,1909f56bfc062723c751e8b465ee728b)  -> (artifact id: '958cf79ec46f6094bbd69e72c669db36') in 0.119521 seconds 
  Import took 0.131784 seconds .

========================================================================
Received Import Request.
  Time since last request: 0.001114 seconds.
  path: Assets/Laterns and candles/Materials/Candle3_greenEmission.mat
  artifactKey: Guid(1a7fe1134bbe65f48b85c1c566b4c88b) Importer(815301076,1909f56bfc062723c751e8b465ee728b)
Start importing Assets/Laterns and candles/Materials/Candle3_greenEmission.mat using Guid(1a7fe1134bbe65f48b85c1c566b4c88b) Importer(815301076,1909f56bfc062723c751e8b465ee728b)  -> (artifact id: 'f52dc8a882f806b9bd3082ab9478a050') in 0.043319 seconds 
  Import took 0.055345 seconds .

========================================================================
Received Import Request.
  Time since last request: 0.001254 seconds.
  path: Assets/Laterns and candles/Materials/Lamp2colormap.mat
  artifactKey: Guid(b5468ab085cc2a04b8f560aff873e193) Importer(815301076,1909f56bfc062723c751e8b465ee728b)
Start importing Assets/Laterns and candles/Materials/Lamp2colormap.mat using Guid(b5468ab085cc2a04b8f560aff873e193) Importer(815301076,1909f56bfc062723c751e8b465ee728b)  -> (artifact id: '70e7ce9c5217f3dbab7271be53433aad') in 0.042494 seconds 
  Import took 0.054042 seconds .

========================================================================
Received Import Request.
  Time since last request: 0.001203 seconds.
  path: Assets/Laterns and candles/Prefabs/CarvedPost2_double.prefab
  artifactKey: Guid(cd6ef13c75034bc4d820dfaf562e4a46) Importer(815301076,1909f56bfc062723c751e8b465ee728b)
Start importing Assets/Laterns and candles/Prefabs/CarvedPost2_double.prefab using Guid(cd6ef13c75034bc4d820dfaf562e4a46) Importer(815301076,1909f56bfc062723c751e8b465ee728b)  -> (artifact id: '6d99fa590a61b6dcd1ea8a8b22d4d054') in 0.932874 seconds 
  Import took 0.945025 seconds .

========================================================================
Received Import Request.
  Time since last request: 0.001142 seconds.
  path: Assets/Laterns and candles/Materials/Candle1.mat
  artifactKey: Guid(2ff38d00be4eef640bf6495fe8a5b54f) Importer(815301076,1909f56bfc062723c751e8b465ee728b)
Start importing Assets/Laterns and candles/Materials/Candle1.mat using Guid(2ff38d00be4eef640bf6495fe8a5b54f) Importer(815301076,1909f56bfc062723c751e8b465ee728b)  -> (artifact id: '60f234c2a81abea5f78991b02b19d1df') in 0.038141 seconds 
  Import took 0.047272 seconds .

========================================================================
Received Import Request.
  Time since last request: 0.000606 seconds.
  path: Assets/Laterns and candles/Prefabs/Latern5.prefab
  artifactKey: Guid(5cc22dee4f3a39f48bbb851c41003c8c) Importer(815301076,1909f56bfc062723c751e8b465ee728b)
Start importing Assets/Laterns and candles/Prefabs/Latern5.prefab using Guid(5cc22dee4f3a39f48bbb851c41003c8c) Importer(815301076,1909f56bfc062723c751e8b465ee728b)  -> (artifact id: '4f4dba58736daaeb45956df324eb4358') in 0.047332 seconds 
  Import took 0.055785 seconds .

========================================================================
Received Import Request.
  Time since last request: 0.001384 seconds.
  path: Assets/Laterns and candles/Materials/Candle2_colormap.mat
  artifactKey: Guid(e8a238b982fb7d84483855148e713386) Importer(815301076,1909f56bfc062723c751e8b465ee728b)
Start importing Assets/Laterns and candles/Materials/Candle2_colormap.mat using Guid(e8a238b982fb7d84483855148e713386) Importer(815301076,1909f56bfc062723c751e8b465ee728b)  -> (artifact id: '8f1c8523d030a8e972e67a1a8c2eb87a') in 0.034880 seconds 
  Import took 0.043300 seconds .

========================================================================
Received Import Request.
  Time since last request: 0.000867 seconds.
  path: Assets/Laterns and candles/Materials/Latern_glass1.mat
  artifactKey: Guid(a9cef664c9823034db4a08c78926b38a) Importer(815301076,1909f56bfc062723c751e8b465ee728b)
Start importing Assets/Laterns and candles/Materials/Latern_glass1.mat using Guid(a9cef664c9823034db4a08c78926b38a) Importer(815301076,1909f56bfc062723c751e8b465ee728b)  -> (artifact id: '9839c5046ffd5672cc877580d4614c49') in 0.029194 seconds 
  Import took 0.037198 seconds .

========================================================================
Received Import Request.
  Time since last request: 0.000929 seconds.
  path: Assets/Laterns and candles/Materials/Glass3.mat
  artifactKey: Guid(dc9e1f70c9d234b4b8b4a257faeac211) Importer(815301076,1909f56bfc062723c751e8b465ee728b)
Start importing Assets/Laterns and candles/Materials/Glass3.mat using Guid(dc9e1f70c9d234b4b8b4a257faeac211) Importer(815301076,1909f56bfc062723c751e8b465ee728b)  -> (artifact id: 'faa905c6c605c7bbf34913b266b08913') in 0.029136 seconds 
  Import took 0.038637 seconds .

========================================================================
Received Import Request.
  Time since last request: 0.000808 seconds.
  path: Assets/Laterns and candles/Prefabs/LampPost_double.prefab
  artifactKey: Guid(6d2bb9154d502fd46a5faf6e3b55f9f1) Importer(815301076,1909f56bfc062723c751e8b465ee728b)
Start importing Assets/Laterns and candles/Prefabs/LampPost_double.prefab using Guid(6d2bb9154d502fd46a5faf6e3b55f9f1) Importer(815301076,1909f56bfc062723c751e8b465ee728b)  -> (artifact id: 'a75c13bbb92b01d200c918172a37d913') in 0.066465 seconds 
  Import took 0.079518 seconds .

========================================================================
Received Import Request.
  Time since last request: 0.000922 seconds.
  path: Assets/Laterns and candles/Prefabs/Latern4.prefab
  artifactKey: Guid(263b26f2316871f46a4bda232a61ec44) Importer(815301076,1909f56bfc062723c751e8b465ee728b)
Start importing Assets/Laterns and candles/Prefabs/Latern4.prefab using Guid(263b26f2316871f46a4bda232a61ec44) Importer(815301076,1909f56bfc062723c751e8b465ee728b)  -> (artifact id: '3c1495a98f2f295173a39747125bf17f') in 0.059013 seconds 
  Import took 0.069684 seconds .

========================================================================
Received Import Request.
  Time since last request: 0.000884 seconds.
  path: Assets/Laterns and candles/Materials/green_flame.mat
  artifactKey: Guid(5d52096ef5969654399fc74a1e5e38f0) Importer(815301076,1909f56bfc062723c751e8b465ee728b)
Start importing Assets/Laterns and candles/Materials/green_flame.mat using Guid(5d52096ef5969654399fc74a1e5e38f0) Importer(815301076,1909f56bfc062723c751e8b465ee728b)  -> (artifact id: 'c9bb50ff241fdf73f258d053bc04d278') in 0.852986 seconds 
  Import took 0.870814 seconds .

========================================================================
Received Import Request.
  Time since last request: 0.001785 seconds.
  path: Assets/Laterns and candles/Materials/CarvedLampPost.mat
  artifactKey: Guid(77d10d81f215eb34bba1e5cb65e39a24) Importer(815301076,1909f56bfc062723c751e8b465ee728b)
Start importing Assets/Laterns and candles/Materials/CarvedLampPost.mat using Guid(77d10d81f215eb34bba1e5cb65e39a24) Importer(815301076,1909f56bfc062723c751e8b465ee728b)  -> (artifact id: '3879a8d72dab56a9eb8dabbeb0102267') in 0.079414 seconds 
  Import took 0.108620 seconds .

========================================================================
Received Import Request.
  Time since last request: 0.001497 seconds.
  path: Assets/Laterns and candles/Materials/Candle1green_emission.mat
  artifactKey: Guid(c1c9de58b363874419f5164aad3f6335) Importer(815301076,1909f56bfc062723c751e8b465ee728b)
Start importing Assets/Laterns and candles/Materials/Candle1green_emission.mat using Guid(c1c9de58b363874419f5164aad3f6335) Importer(815301076,1909f56bfc062723c751e8b465ee728b)  -> (artifact id: 'af0599992b62a979d72446506c88adc1') in 0.075722 seconds 
  Import took 0.098005 seconds .

========================================================================
Received Import Request.
  Time since last request: 0.001403 seconds.
  path: Assets/Laterns and candles/Materials/Glass2.mat
  artifactKey: Guid(d42d8fdd97de9f546a90efec90ea8100) Importer(815301076,1909f56bfc062723c751e8b465ee728b)
Start importing Assets/Laterns and candles/Materials/Glass2.mat using Guid(d42d8fdd97de9f546a90efec90ea8100) Importer(815301076,1909f56bfc062723c751e8b465ee728b)  -> (artifact id: 'ac2bea296d75fdf9a310732013e8e235') in 0.056824 seconds 
  Import took 0.076052 seconds .

========================================================================
Received Import Request.
  Time since last request: 0.001489 seconds.
  path: Assets/Laterns and candles/Materials/Lamp3_colormap.mat
  artifactKey: Guid(e068aa98828fe244faa2219e58e0834e) Importer(815301076,1909f56bfc062723c751e8b465ee728b)
Start importing Assets/Laterns and candles/Materials/Lamp3_colormap.mat using Guid(e068aa98828fe244faa2219e58e0834e) Importer(815301076,1909f56bfc062723c751e8b465ee728b)  -> (artifact id: 'aa6c8547b14ddd484e02f90ff3e24c4e') in 0.067356 seconds 
  Import took 0.088365 seconds .

========================================================================
Received Import Request.
  Time since last request: 0.001526 seconds.
  path: Assets/Laterns and candles/Materials
  artifactKey: Guid(da5ea4106d53eae4a8e9534bfefdca70) Importer(815301076,1909f56bfc062723c751e8b465ee728b)
Start importing Assets/Laterns and candles/Materials using Guid(da5ea4106d53eae4a8e9534bfefdca70) Importer(815301076,1909f56bfc062723c751e8b465ee728b)  -> (artifact id: '1569fb7c5f5f3cbc9d574ef00b3d3cfa') in 0.015306 seconds 
  Import took 0.032940 seconds .

========================================================================
Received Import Request.
  Time since last request: 0.001445 seconds.
  path: Assets/Laterns and candles/Materials/Candle3_colormap.mat
  artifactKey: Guid(768f45aaec716d3429b83b2b7e673f23) Importer(815301076,1909f56bfc062723c751e8b465ee728b)
Start importing Assets/Laterns and candles/Materials/Candle3_colormap.mat using Guid(768f45aaec716d3429b83b2b7e673f23) Importer(815301076,1909f56bfc062723c751e8b465ee728b)  -> (artifact id: '24299b8e3c4efe1741133cf6cc0473c2') in 0.064363 seconds 
  Import took 0.081573 seconds .

========================================================================
Received Import Request.
  Time since last request: 0.001378 seconds.
  path: Assets/Laterns and candles/Materials/CarvedLampPost2.mat
  artifactKey: Guid(01417397b4060a84dabece89e51fb467) Importer(815301076,1909f56bfc062723c751e8b465ee728b)
Start importing Assets/Laterns and candles/Materials/CarvedLampPost2.mat using Guid(01417397b4060a84dabece89e51fb467) Importer(815301076,1909f56bfc062723c751e8b465ee728b)  -> (artifact id: 'd63335482c5fcd5af9083395b9a0a410') in 0.061538 seconds 
  Import took 0.083051 seconds .

========================================================================
Received Import Request.
  Time since last request: 0.001575 seconds.
  path: Assets/Laterns and candles/Materials/chandelier.mat
  artifactKey: Guid(ef9df8118d509b14380b0da9d330393d) Importer(815301076,1909f56bfc062723c751e8b465ee728b)
Start importing Assets/Laterns and candles/Materials/chandelier.mat using Guid(ef9df8118d509b14380b0da9d330393d) Importer(815301076,1909f56bfc062723c751e8b465ee728b)  -> (artifact id: '1b960ede372ec79d902339c0ca636792') in 0.066154 seconds 
  Import took 0.086513 seconds .

========================================================================
Received Import Request.
  Time since last request: 0.001437 seconds.
  path: Assets/Laterns and candles/Materials/Latern4_colormap.mat
  artifactKey: Guid(de1e4e1a8ed19f9438342d79e0edf248) Importer(815301076,1909f56bfc062723c751e8b465ee728b)
Start importing Assets/Laterns and candles/Materials/Latern4_colormap.mat using Guid(de1e4e1a8ed19f9438342d79e0edf248) Importer(815301076,1909f56bfc062723c751e8b465ee728b)  -> (artifact id: '8aee2cd981c41a2fc5e388827a251647') in 0.066569 seconds 
  Import took 0.085577 seconds .

========================================================================
Received Import Request.
  Time since last request: 0.001383 seconds.
  path: Assets/Laterns and candles/Materials/red_flame.mat
  artifactKey: Guid(169561acafe59bb4a98af6cbfc772d72) Importer(815301076,1909f56bfc062723c751e8b465ee728b)
Start importing Assets/Laterns and candles/Materials/red_flame.mat using Guid(169561acafe59bb4a98af6cbfc772d72) Importer(815301076,1909f56bfc062723c751e8b465ee728b)  -> (artifact id: '715247797802615b4505549df0109a18') in 0.061849 seconds 
  Import took 0.083011 seconds .

========================================================================
Received Import Request.
  Time since last request: 0.001754 seconds.
  path: Assets/Laterns and candles/Prefabs/candlestick.prefab
  artifactKey: Guid(b02c5020824fa574d88a101f9b790908) Importer(815301076,1909f56bfc062723c751e8b465ee728b)
Start importing Assets/Laterns and candles/Prefabs/candlestick.prefab using Guid(b02c5020824fa574d88a101f9b790908) Importer(815301076,1909f56bfc062723c751e8b465ee728b)  -> (artifact id: 'b46ee562206c6b736e4ab4f8078f1946') in 0.091775 seconds 
  Import took 0.111871 seconds .

========================================================================
Received Import Request.
  Time since last request: 0.001434 seconds.
  path: Assets/Laterns and candles/Prefabs/Candle1.prefab
  artifactKey: Guid(86d84285ef39db64c986f37878b14861) Importer(815301076,1909f56bfc062723c751e8b465ee728b)
Start importing Assets/Laterns and candles/Prefabs/Candle1.prefab using Guid(86d84285ef39db64c986f37878b14861) Importer(815301076,1909f56bfc062723c751e8b465ee728b)  -> (artifact id: '8274654605ea12e1ab3d762dabdad8b7') in 0.076323 seconds 
  Import took 0.092332 seconds .

========================================================================
Received Import Request.
  Time since last request: 0.002100 seconds.
  path: Assets/Laterns and candles/Prefabs/Latern3.prefab
  artifactKey: Guid(d17bd81f00e4eb843a71e73358112786) Importer(815301076,1909f56bfc062723c751e8b465ee728b)
Start importing Assets/Laterns and candles/Prefabs/Latern3.prefab using Guid(d17bd81f00e4eb843a71e73358112786) Importer(815301076,1909f56bfc062723c751e8b465ee728b)  -> (artifact id: '463f8a7c9a2eaabae93933fd4c2e1573') in 0.096515 seconds 
  Import took 0.112981 seconds .

========================================================================
Received Import Request.
  Time since last request: 0.001449 seconds.
  path: Assets/Laterns and candles/Materials/Glass5.mat
  artifactKey: Guid(214a8b1bce6e52a409816e8baa19bd9c) Importer(815301076,1909f56bfc062723c751e8b465ee728b)
Start importing Assets/Laterns and candles/Materials/Glass5.mat using Guid(214a8b1bce6e52a409816e8baa19bd9c) Importer(815301076,1909f56bfc062723c751e8b465ee728b)  -> (artifact id: '2e8c2083e77af807c9c0360ca07acfbc') in 0.067778 seconds 
  Import took 0.090053 seconds .

========================================================================
Received Import Request.
  Time since last request: 0.001425 seconds.
  path: Assets/Laterns and candles/Materials/lamp post.mat
  artifactKey: Guid(e88cc3b41a43da64493fd04f91ae6c68) Importer(815301076,1909f56bfc062723c751e8b465ee728b)
Start importing Assets/Laterns and candles/Materials/lamp post.mat using Guid(e88cc3b41a43da64493fd04f91ae6c68) Importer(815301076,1909f56bfc062723c751e8b465ee728b)  -> (artifact id: '434946c40a51f307f9c04531504b4c56') in 0.090917 seconds 
  Import took 0.129000 seconds .

========================================================================
Received Import Request.
  Time since last request: 0.003989 seconds.
  path: Assets/Laterns and candles/Materials/Candle2_blueEmission.mat
  artifactKey: Guid(3d575510381c2ec4e901a80b63d9698b) Importer(815301076,1909f56bfc062723c751e8b465ee728b)
Start importing Assets/Laterns and candles/Materials/Candle2_blueEmission.mat using Guid(3d575510381c2ec4e901a80b63d9698b) Importer(815301076,1909f56bfc062723c751e8b465ee728b)  -> (artifact id: '20c5b997bbe9d8c2148fc6a4d16af90e') in 0.061806 seconds 
  Import took 0.083211 seconds .

========================================================================
Received Import Request.
  Time since last request: 0.000638 seconds.
  path: Assets/Laterns and candles/Prefabs/Latern2.prefab
  artifactKey: Guid(68f8cf3372c588f4a94bf2c9bd255d3b) Importer(815301076,1909f56bfc062723c751e8b465ee728b)
Start importing Assets/Laterns and candles/Prefabs/Latern2.prefab using Guid(68f8cf3372c588f4a94bf2c9bd255d3b) Importer(815301076,1909f56bfc062723c751e8b465ee728b)  -> (artifact id: 'e010727b2f8e3f02c331bacff187adbd') in 0.043942 seconds 
  Import took 0.052208 seconds .

========================================================================
Received Import Request.
  Time since last request: 0.000659 seconds.
  path: Assets/Laterns and candles/Materials/Candle3_BlueEmission.mat
  artifactKey: Guid(5ef5c719608100e479fe390189d3173d) Importer(815301076,1909f56bfc062723c751e8b465ee728b)
Start importing Assets/Laterns and candles/Materials/Candle3_BlueEmission.mat using Guid(5ef5c719608100e479fe390189d3173d) Importer(815301076,1909f56bfc062723c751e8b465ee728b)  -> (artifact id: '89a1ceca656867ca8628d4fb05b636cb') in 0.034274 seconds 
  Import took 0.044390 seconds .

========================================================================
Received Import Request.
  Time since last request: 0.000640 seconds.
  path: Assets/Laterns and candles/Materials/Latern5.mat
  artifactKey: Guid(c80049bc80d43e24da4915d1806290fd) Importer(815301076,1909f56bfc062723c751e8b465ee728b)
Start importing Assets/Laterns and candles/Materials/Latern5.mat using Guid(c80049bc80d43e24da4915d1806290fd) Importer(815301076,1909f56bfc062723c751e8b465ee728b)  -> (artifact id: 'c6752c4889548f2be5560d0ef4a828dd') in 0.034503 seconds 
  Import took 0.043737 seconds .

========================================================================
Received Import Request.
  Time since last request: 0.000728 seconds.
  path: Assets/Laterns and candles/Materials/LampPost_wall.mat
  artifactKey: Guid(b48090b67b3c8b84b81fcc983fc98878) Importer(815301076,1909f56bfc062723c751e8b465ee728b)
Start importing Assets/Laterns and candles/Materials/LampPost_wall.mat using Guid(b48090b67b3c8b84b81fcc983fc98878) Importer(815301076,1909f56bfc062723c751e8b465ee728b)  -> (artifact id: 'd972988cc87a34db76f1e3d68d09c13b') in 0.039726 seconds 
  Import took 0.048955 seconds .

========================================================================
Received Import Request.
  Time since last request: 0.000843 seconds.
  path: Assets/Laterns and candles/Materials/Wall Lamp.mat
  artifactKey: Guid(96a3109bf84a57d4fa28aee81c28dc74) Importer(815301076,1909f56bfc062723c751e8b465ee728b)
Start importing Assets/Laterns and candles/Materials/Wall Lamp.mat using Guid(96a3109bf84a57d4fa28aee81c28dc74) Importer(815301076,1909f56bfc062723c751e8b465ee728b)  -> (artifact id: 'de60a6e2cc654875cd9c88f24a12d267') in 0.046762 seconds 
  Import took 0.056974 seconds .

========================================================================
Received Import Request.
  Time since last request: 0.000988 seconds.
  path: Assets/Laterns and candles/Materials/lustre.mat
  artifactKey: Guid(727eea6fd83da374cb05d321c4d90207) Importer(815301076,1909f56bfc062723c751e8b465ee728b)
Start importing Assets/Laterns and candles/Materials/lustre.mat using Guid(727eea6fd83da374cb05d321c4d90207) Importer(815301076,1909f56bfc062723c751e8b465ee728b)  -> (artifact id: 'c14ef1715eaa48f9b2280cf7fab09072') in 0.047394 seconds 
  Import took 0.059984 seconds .

========================================================================
Received Import Request.
  Time since last request: 0.000970 seconds.
  path: Assets/Laterns and candles/Materials/lattice.mat
  artifactKey: Guid(d5e80fc50c6e73f48ac197429f573181) Importer(815301076,1909f56bfc062723c751e8b465ee728b)
Start importing Assets/Laterns and candles/Materials/lattice.mat using Guid(d5e80fc50c6e73f48ac197429f573181) Importer(815301076,1909f56bfc062723c751e8b465ee728b)  -> (artifact id: '9ac61e5d11b675dc5b909879e3604992') in 0.043345 seconds 
  Import took 0.054420 seconds .

========================================================================
Received Import Request.
  Time since last request: 0.000943 seconds.
  path: Assets/Laterns and candles/Materials/Candle1blue.mat
  artifactKey: Guid(54bade3501df1bb458909304810a4e68) Importer(815301076,1909f56bfc062723c751e8b465ee728b)
Start importing Assets/Laterns and candles/Materials/Candle1blue.mat using Guid(54bade3501df1bb458909304810a4e68) Importer(815301076,1909f56bfc062723c751e8b465ee728b)  -> (artifact id: 'a543d78f497cc85a52521b9dfd6dada4') in 0.064354 seconds 
  Import took 0.079553 seconds .

========================================================================
Received Import Request.
  Time since last request: 0.001276 seconds.
  path: Assets/Laterns and candles/Materials/Candle2_greenEmission.mat
  artifactKey: Guid(64cfed834ca3eb24d86a1b21b55000ad) Importer(815301076,1909f56bfc062723c751e8b465ee728b)
Start importing Assets/Laterns and candles/Materials/Candle2_greenEmission.mat using Guid(64cfed834ca3eb24d86a1b21b55000ad) Importer(815301076,1909f56bfc062723c751e8b465ee728b)  -> (artifact id: '47f4e89c6f311906fb76021decfaee28') in 0.062701 seconds 
  Import took 0.083310 seconds .

========================================================================
Received Import Request.
  Time since last request: 0.001289 seconds.
  path: Assets/Laterns and candles/Prefabs
  artifactKey: Guid(733f39f22c8fb0d42ae34470a89f6bf3) Importer(815301076,1909f56bfc062723c751e8b465ee728b)
Start importing Assets/Laterns and candles/Prefabs using Guid(733f39f22c8fb0d42ae34470a89f6bf3) Importer(815301076,1909f56bfc062723c751e8b465ee728b)  -> (artifact id: 'be03e2755458556d490c867fa71f9940') in 0.016234 seconds 
  Import took 0.032465 seconds .

========================================================================
Received Import Request.
  Time since last request: 0.001449 seconds.
  path: Assets/Laterns and candles/Prefabs/Latern1.prefab
  artifactKey: Guid(56c82061e6c4de742a208837848be55a) Importer(815301076,1909f56bfc062723c751e8b465ee728b)
Start importing Assets/Laterns and candles/Prefabs/Latern1.prefab using Guid(56c82061e6c4de742a208837848be55a) Importer(815301076,1909f56bfc062723c751e8b465ee728b)  -> (artifact id: '8e68a5bd1aa37d5d958704c673f51cab') in 0.125685 seconds 
  Import took 0.145852 seconds .

========================================================================
Received Import Request.
  Time since last request: 111.347952 seconds.
  path: Assets/Shelter/Model/Bulb.fbx
  artifactKey: Guid(6d18aa0cc13d27c498c16de32dd0c795) Importer(815301076,1909f56bfc062723c751e8b465ee728b)
Start importing Assets/Shelter/Model/Bulb.fbx using Guid(6d18aa0cc13d27c498c16de32dd0c795) Importer(815301076,1909f56bfc062723c751e8b465ee728b)  -> (artifact id: '9db8f9e156351436eb43c186773d6c0f') in 0.328953 seconds 
  Import took 0.348923 seconds .

========================================================================
Received Import Request.
  Time since last request: 0.001550 seconds.
  path: Assets/Shelter/Model/Shelter.fbx
  artifactKey: Guid(c8616d99cca93a64595d3ec46375b9e8) Importer(815301076,1909f56bfc062723c751e8b465ee728b)
Start importing Assets/Shelter/Model/Shelter.fbx using Guid(c8616d99cca93a64595d3ec46375b9e8) Importer(815301076,1909f56bfc062723c751e8b465ee728b)  -> (artifact id: 'b6f1723cdbd9b41244e177bd32e06fde') in 1.009547 seconds 
  Import took 1.026320 seconds .

========================================================================
Received Import Request.
  Time since last request: 0.000876 seconds.
  path: Assets/Shelter/Prefab/Lamp.prefab
  artifactKey: Guid(72edebe5109530942837ca17e77a1130) Importer(815301076,1909f56bfc062723c751e8b465ee728b)
Start importing Assets/Shelter/Prefab/Lamp.prefab using Guid(72edebe5109530942837ca17e77a1130) Importer(815301076,1909f56bfc062723c751e8b465ee728b)  -> (artifact id: '6b940d2353f45d4bbc88bdc98389c0ac') in 0.286063 seconds 
  Import took 0.299768 seconds .

========================================================================
Received Import Request.
  Time since last request: 0.001318 seconds.
  path: Assets/Shelter/Prefab/Crate.prefab
  artifactKey: Guid(e4ec89280668e8d4c8ed4a4b06612e3f) Importer(815301076,1909f56bfc062723c751e8b465ee728b)
Start importing Assets/Shelter/Prefab/Crate.prefab using Guid(e4ec89280668e8d4c8ed4a4b06612e3f) Importer(815301076,1909f56bfc062723c751e8b465ee728b)  -> (artifact id: 'fb32516df28b73cb86b67da21b085fd3') in 0.064099 seconds 
  Import took 0.080715 seconds .

========================================================================
Received Import Request.
  Time since last request: 0.001326 seconds.
  path: Assets/Shelter/Prefab/Door.prefab
  artifactKey: Guid(b511489e37e6f61459cbd5ae7607384c) Importer(815301076,1909f56bfc062723c751e8b465ee728b)
Start importing Assets/Shelter/Prefab/Door.prefab using Guid(b511489e37e6f61459cbd5ae7607384c) Importer(815301076,1909f56bfc062723c751e8b465ee728b)  -> (artifact id: '2fe678281d8f159379d031ce6d5f133b') in 0.064407 seconds 
  Import took 0.085011 seconds .

========================================================================
Received Import Request.
  Time since last request: 0.001350 seconds.
  path: Assets/Shelter/Prefab/Shelter.prefab
  artifactKey: Guid(5125d1949d8d26e4ba1cd307159e2bb2) Importer(815301076,1909f56bfc062723c751e8b465ee728b)
Start importing Assets/Shelter/Prefab/Shelter.prefab using Guid(5125d1949d8d26e4ba1cd307159e2bb2) Importer(815301076,1909f56bfc062723c751e8b465ee728b)  -> (artifact id: 'd907252af2111823d60ccc4decf32c96') in 0.151933 seconds 
  Import took 0.175683 seconds .

========================================================================
Received Import Request.
  Time since last request: 206.025396 seconds.
  path: Assets/Laterns and candles/Meshes/Candle1.fbx
  artifactKey: Guid(11033fb50e55f4f4bb148c9b934959e3) Importer(815301076,1909f56bfc062723c751e8b465ee728b)
Start importing Assets/Laterns and candles/Meshes/Candle1.fbx using Guid(11033fb50e55f4f4bb148c9b934959e3) Importer(815301076,1909f56bfc062723c751e8b465ee728b)  -> (artifact id: '5df4cce5e85b902c8d2f6a20f4c096dc') in 0.082806 seconds 
  Import took 0.105028 seconds .

========================================================================
Received Import Request.
  Time since last request: 0.000944 seconds.
  path: Assets/Laterns and candles/Meshes/CarvedPost2_double.fbx
  artifactKey: Guid(f25cee7770aa6f84a97ea2a137423107) Importer(815301076,1909f56bfc062723c751e8b465ee728b)
Start importing Assets/Laterns and candles/Meshes/CarvedPost2_double.fbx using Guid(f25cee7770aa6f84a97ea2a137423107) Importer(815301076,1909f56bfc062723c751e8b465ee728b)  -> (artifact id: '0462af176d4c6ec5c04e084cd229575f') in 0.119335 seconds 
  Import took 0.129949 seconds .

========================================================================
Received Import Request.
  Time since last request: 0.000814 seconds.
  path: Assets/Laterns and candles/Meshes/LampPost.fbx
  artifactKey: Guid(1ed05b93464bb6242b1d0cf9e388ed67) Importer(815301076,1909f56bfc062723c751e8b465ee728b)
Start importing Assets/Laterns and candles/Meshes/LampPost.fbx using Guid(1ed05b93464bb6242b1d0cf9e388ed67) Importer(815301076,1909f56bfc062723c751e8b465ee728b)  -> (artifact id: 'fa321a4b0acf5bd151915756bd328486') in 0.058253 seconds 
  Import took 0.070145 seconds .

========================================================================
Received Import Request.
  Time since last request: 0.000934 seconds.
  path: Assets/Laterns and candles/Meshes/Latern2.fbx
  artifactKey: Guid(2822a6c192bfe4644849c5e3d4bb4f2a) Importer(815301076,1909f56bfc062723c751e8b465ee728b)
Start importing Assets/Laterns and candles/Meshes/Latern2.fbx using Guid(2822a6c192bfe4644849c5e3d4bb4f2a) Importer(815301076,1909f56bfc062723c751e8b465ee728b)  -> (artifact id: '2b346bb862d6455b889c6ba35989ee2f') in 0.126896 seconds 
  Import took 0.141581 seconds .

========================================================================
Received Import Request.
  Time since last request: 0.001455 seconds.
  path: Assets/Laterns and candles/Meshes/LampPost_double.fbx
  artifactKey: Guid(e501831ad59a85f4bb7629bf22c658c8) Importer(815301076,1909f56bfc062723c751e8b465ee728b)
Start importing Assets/Laterns and candles/Meshes/LampPost_double.fbx using Guid(e501831ad59a85f4bb7629bf22c658c8) Importer(815301076,1909f56bfc062723c751e8b465ee728b)  -> (artifact id: 'bb6420530e96b9edebe197e9f78c5167') in 0.108396 seconds 
  Import took 0.130870 seconds .

========================================================================
Received Import Request.
  Time since last request: 0.001551 seconds.
  path: Assets/Laterns and candles/Meshes/Latern4.fbx
  artifactKey: Guid(66dd512dabeec684ab0f4b135d4a43ce) Importer(815301076,1909f56bfc062723c751e8b465ee728b)
Start importing Assets/Laterns and candles/Meshes/Latern4.fbx using Guid(66dd512dabeec684ab0f4b135d4a43ce) Importer(815301076,1909f56bfc062723c751e8b465ee728b)  -> (artifact id: '424e3e82860f16de4a5263299d613585') in 0.255273 seconds 
  Import took 0.273103 seconds .

========================================================================
Received Import Request.
  Time since last request: 0.001241 seconds.
  path: Assets/Laterns and candles/Meshes/CarvedPost.fbx
  artifactKey: Guid(1d7d476448a20da4e94fa3441f50757c) Importer(815301076,1909f56bfc062723c751e8b465ee728b)
Start importing Assets/Laterns and candles/Meshes/CarvedPost.fbx using Guid(1d7d476448a20da4e94fa3441f50757c) Importer(815301076,1909f56bfc062723c751e8b465ee728b)  -> (artifact id: 'd46e7dcfe1ab7b9abb8f9000827c46fc') in 0.091698 seconds 
  Import took 0.109365 seconds .

========================================================================
Received Import Request.
  Time since last request: 0.001510 seconds.
  path: Assets/Laterns and candles/Meshes/Latern1.fbx
  artifactKey: Guid(d78538bd679f6fe4b9bd7c6c1e9c8485) Importer(815301076,1909f56bfc062723c751e8b465ee728b)
Start importing Assets/Laterns and candles/Meshes/Latern1.fbx using Guid(d78538bd679f6fe4b9bd7c6c1e9c8485) Importer(815301076,1909f56bfc062723c751e8b465ee728b)  -> (artifact id: '86b59ec390b2041472a6db0f1827e1b8') in 0.239133 seconds 
  Import took 0.265903 seconds .

========================================================================
Received Import Request.
  Time since last request: 0.001584 seconds.
  path: Assets/Laterns and candles/Meshes/Candle2.fbx
  artifactKey: Guid(15808812b164aff4986246a5adb04396) Importer(815301076,1909f56bfc062723c751e8b465ee728b)
Start importing Assets/Laterns and candles/Meshes/Candle2.fbx using Guid(15808812b164aff4986246a5adb04396) Importer(815301076,1909f56bfc062723c751e8b465ee728b)  -> (artifact id: '1c37cb582263665878cb9de4c7c6e0a3') in 0.108233 seconds 
  Import took 0.128332 seconds .

========================================================================
Received Import Request.
  Time since last request: 0.001192 seconds.
  path: Assets/Laterns and candles/Meshes/Lustre.fbx
  artifactKey: Guid(c501a8a7118966c4bb715d3a9efaa62f) Importer(815301076,1909f56bfc062723c751e8b465ee728b)
Start importing Assets/Laterns and candles/Meshes/Lustre.fbx using Guid(c501a8a7118966c4bb715d3a9efaa62f) Importer(815301076,1909f56bfc062723c751e8b465ee728b)  -> (artifact id: '0fc37cdb13a52a2f2603b1fb4b40cad3') in 2.797780 seconds 
  Import took 2.814309 seconds .

========================================================================
Received Import Request.
  Time since last request: 0.000854 seconds.
  path: Assets/Laterns and candles/Meshes/Latern5.fbx
  artifactKey: Guid(92a5a5383e624784da2627a47a052328) Importer(815301076,1909f56bfc062723c751e8b465ee728b)
Start importing Assets/Laterns and candles/Meshes/Latern5.fbx using Guid(92a5a5383e624784da2627a47a052328) Importer(815301076,1909f56bfc062723c751e8b465ee728b)  -> (artifact id: '34069c4fbd67267cb39415fd63add802') in 0.141876 seconds 
  Import took 0.156493 seconds .

========================================================================
Received Import Request.
  Time since last request: 0.001277 seconds.
  path: Assets/Laterns and candles/Meshes/candlestick.fbx
  artifactKey: Guid(084da560759559f4995810207469e30a) Importer(815301076,1909f56bfc062723c751e8b465ee728b)
Start importing Assets/Laterns and candles/Meshes/candlestick.fbx using Guid(084da560759559f4995810207469e30a) Importer(815301076,1909f56bfc062723c751e8b465ee728b)  -> (artifact id: '6efa862df9975f954a011bb2f3e996e1') in 0.219738 seconds 
  Import took 0.237718 seconds .

========================================================================
Received Import Request.
  Time since last request: 0.001293 seconds.
  path: Assets/Laterns and candles/Meshes/candlestick_wall.fbx
  artifactKey: Guid(d1c8331cd64e7684298abc6c6ee000e3) Importer(815301076,1909f56bfc062723c751e8b465ee728b)
Start importing Assets/Laterns and candles/Meshes/candlestick_wall.fbx using Guid(d1c8331cd64e7684298abc6c6ee000e3) Importer(815301076,1909f56bfc062723c751e8b465ee728b)  -> (artifact id: '07831cf5fdbd661bace9c3447ce06f5b') in 0.082250 seconds 
  Import took 0.104624 seconds .

========================================================================
Received Import Request.
  Time since last request: 0.001396 seconds.
  path: Assets/Laterns and candles/Meshes/Candle3.fbx
  artifactKey: Guid(21c30a3c7192a0649813ca3fe2cdb009) Importer(815301076,1909f56bfc062723c751e8b465ee728b)
Start importing Assets/Laterns and candles/Meshes/Candle3.fbx using Guid(21c30a3c7192a0649813ca3fe2cdb009) Importer(815301076,1909f56bfc062723c751e8b465ee728b)  -> (artifact id: '64a0523245bdad462748989956647c9f') in 0.079846 seconds 
  Import took 0.098865 seconds .

========================================================================
Received Import Request.
  Time since last request: 0.001360 seconds.
  path: Assets/Laterns and candles/Meshes/LampPost_wall.fbx
  artifactKey: Guid(00897a0dd899b104ebedcfc97838612c) Importer(815301076,1909f56bfc062723c751e8b465ee728b)
Start importing Assets/Laterns and candles/Meshes/LampPost_wall.fbx using Guid(00897a0dd899b104ebedcfc97838612c) Importer(815301076,1909f56bfc062723c751e8b465ee728b)  -> (artifact id: '4ec769dfdabea963ec41d83c513fb790') in 0.084490 seconds 
  Import took 0.099923 seconds .

========================================================================
Received Import Request.
  Time since last request: 0.001256 seconds.
  path: Assets/Laterns and candles/Meshes/Latern3.fbx
  artifactKey: Guid(c124bcb1a14e7054b8c99e402a20ee07) Importer(815301076,1909f56bfc062723c751e8b465ee728b)
Start importing Assets/Laterns and candles/Meshes/Latern3.fbx using Guid(c124bcb1a14e7054b8c99e402a20ee07) Importer(815301076,1909f56bfc062723c751e8b465ee728b)  -> (artifact id: '53590beff6a57012e13eb6dbb5511971') in 0.207594 seconds 
  Import took 0.228386 seconds .

========================================================================
Received Import Request.
  Time since last request: 0.001306 seconds.
  path: Assets/Laterns and candles/Meshes/chandelier.fbx
  artifactKey: Guid(33a9eb33812d0a245999a3128922713e) Importer(815301076,1909f56bfc062723c751e8b465ee728b)
Start importing Assets/Laterns and candles/Meshes/chandelier.fbx using Guid(33a9eb33812d0a245999a3128922713e) Importer(815301076,1909f56bfc062723c751e8b465ee728b)  -> (artifact id: 'ab9c4af6c20be5154cffc0a41c175c66') in 0.061226 seconds 
  Import took 0.073470 seconds .

========================================================================
Received Import Request.
  Time since last request: 0.000734 seconds.
  path: Assets/Laterns and candles/Meshes/ceiling chain.fbx
  artifactKey: Guid(d119f9920a8205b45b1e51485a2163a5) Importer(815301076,1909f56bfc062723c751e8b465ee728b)
Start importing Assets/Laterns and candles/Meshes/ceiling chain.fbx using Guid(d119f9920a8205b45b1e51485a2163a5) Importer(815301076,1909f56bfc062723c751e8b465ee728b)  -> (artifact id: '29f2cd078a0a58f9f517da64878bcabc') in 0.607366 seconds 
  Import took 0.626086 seconds .

========================================================================
Received Import Request.
  Time since last request: 0.001377 seconds.
  path: Assets/Laterns and candles/Meshes/CarvedPost2.fbx
  artifactKey: Guid(4c09d887a9821bd4fbf5c56c4bb3477d) Importer(815301076,1909f56bfc062723c751e8b465ee728b)
Start importing Assets/Laterns and candles/Meshes/CarvedPost2.fbx using Guid(4c09d887a9821bd4fbf5c56c4bb3477d) Importer(815301076,1909f56bfc062723c751e8b465ee728b)  -> (artifact id: '0352c423a17a37677b9ec2c09d945991') in 0.148611 seconds 
  Import took 0.161718 seconds .

========================================================================
Received Prepare
Registering precompiled user dll's ...
Registered in 0.036361 seconds.
Begin MonoManager ReloadAssembly
Native extension for WindowsStandalone target not found
Refreshing native plugins compatible for Editor in 2.00 ms, found 16 plugins.
Preloading 2 native plugins for Editor in 0.45 ms.
System.Reflection.TargetInvocationException: Exception has been thrown by the target of an invocation. ---> System.NullReferenceException: Object reference not set to an instance of an object
  at Unity.XR.Oculus.OculusLoader.AssetPathToAbsolutePath (System.String assetPath) [0x00048] in C:\Users\choia\cruisin3\crusin3\Library\PackageCache\com.unity.xr.oculus@1.11.0\Runtime\OculusLoader.cs:250 
  at Unity.XR.Oculus.OculusLoader.EditorLoadOVRPlugin () [0x0007b] in C:\Users\choia\cruisin3\crusin3\Library\PackageCache\com.unity.xr.oculus@1.11.0\Runtime\OculusLoader.cs:235 
  at (wrapper managed-to-native) System.Reflection.MonoMethod.InternalInvoke(System.Reflection.MonoMethod,object,object[],System.Exception&)
  at System.Reflection.MonoMethod.Invoke (System.Object obj, System.Reflection.BindingFlags invokeAttr, System.Reflection.Binder binder, System.Object[] parameters, System.Globalization.CultureInfo culture) [0x00032] in <695d1cc93cca45069c528c15c9fdd749>:0 
   --- End of inner exception stack trace ---
  at System.Reflection.MonoMethod.Invoke (System.Object obj, System.Reflection.BindingFlags invokeAttr, System.Reflection.Binder binder, System.Object[] parameters, System.Globalization.CultureInfo culture) [0x00048] in <695d1cc93cca45069c528c15c9fdd749>:0 
  at System.Reflection.MethodBase.Invoke (System.Object obj, System.Object[] parameters) [0x00000] in <695d1cc93cca45069c528c15c9fdd749>:0 
  at UnityEditor.EditorAssemblies.ProcessInitializeOnLoadMethodAttributes () [0x00047] in <bbfbd5a71eea45d1a1354233c800516b>:0 
UnityEngine.StackTraceUtility:ExtractStackTrace ()
UnityEngine.DebugLogHandler:LogFormat (UnityEngine.LogType,UnityEngine.Object,string,object[])
UnityEngine.Logger:Log (UnityEngine.LogType,object)
UnityEngine.Debug:LogError (object)
UnityEditor.EditorAssemblies:ProcessInitializeOnLoadMethodAttributes ()

Mono: successfully reloaded assembly
- Completed reload, in  3.485 seconds
Domain Reload Profiling:
	ReloadAssembly (3486ms)
		BeginReloadAssembly (378ms)
			ExecutionOrderSort (0ms)
			DisableScriptedObjects (10ms)
			BackupInstance (0ms)
			ReleaseScriptingObjects (0ms)
			CreateAndSetChildDomain (129ms)
		EndReloadAssembly (2909ms)
			LoadAssemblies (274ms)
			RebuildTransferFunctionScriptingTraits (0ms)
			SetupTypeCache (1113ms)
			ReleaseScriptCaches (3ms)
			RebuildScriptCaches (146ms)
			SetupLoadedEditorAssemblies (985ms)
				LogAssemblyErrors (0ms)
				InitializePlatformSupportModulesInManaged (9ms)
				SetLoadedEditorAssemblies (1ms)
				RefreshPlugins (3ms)
				BeforeProcessingInitializeOnLoad (225ms)
				ProcessInitializeOnLoadAttributes (650ms)
				ProcessInitializeOnLoadMethodAttributes (63ms)
				AfterProcessingInitializeOnLoad (32ms)
				EditorAssembliesLoaded (1ms)
			ExecutionOrderSort2 (0ms)
			AwakeInstancesAfterBackupRestoration (25ms)
Platform modules already initialized, skipping
Refreshing native plugins compatible for Editor in 3.17 ms, found 16 plugins.
Preloading 2 native plugins for Editor in 0.66 ms.
Unloading 2659 Unused Serialized files (Serialized files now loaded: 0)
System memory in use before: 147.8 MB.
System memory in use after: 148.1 MB.

Unloading 35 unused Assets to reduce memory usage. Loaded Objects now: 3218.
Total: 6.320500 ms (FindLiveObjects: 0.436900 ms CreateObjectMapping: 0.176500 ms MarkObjects: 5.667900 ms  DeleteObjects: 0.037400 ms)

AssetImportParameters requested are different than current active one (requested -> active):
  custom:framework-win-MediaFoundation: 216162199b28c13a410421893ffa2e32 -> 
  custom:video-decoder-ogg-theora: a1e56fd34408186e4bbccfd4996cb3dc -> 
  custom:container-muxer-webm: aa71ff27fc2769a1b78a27578f13a17b -> 
  custom:container-demuxer-webm: 4f35f7cbe854078d1ac9338744f61a02 -> 
  custom:container-demuxer-ogg: 62fdf1f143b41e24485cea50d1cbac27 -> 
  custom:video-encoder-webm-vp8: eb34c28f22e8b96e1ab97ce403110664 -> 
  custom:video-codec-MediaFoundation-h265: 746d11721c4dcdbdad8f713fa42b33f4 -> 
  custom:video-decoder-webm-vp8: 9c59270c3fd7afecdb556c50c9e8de78 -> 
  custom:audio-decoder-ogg-vorbis: bf7c407c2cedff20999df2af8eb42d56 -> 
  custom:audio-encoder-webm-vorbis: bf7c407c2cedff20999df2af8eb42d56 -> 
AssetImportWorkerClient::OnTransportError - code=2 error=End of file
